<?xml version="1.0" encoding="UTF-8"?>
<component>
    <id>com.cyclops.jmainboard.test</id>
    <version>1.0</version>
    <title>Test Component</title>
    <description><![CDATA[Just for testing]]></description>
    <implementation>com.cyclops.jmainboard.model.TestComponent</implementation>
    <properties>
        <property name="property1">aaa</property>
        <property name="property2">2</property>
    </properties>
    <dependencies>
        <dependency>org.apache.turbine</dependency>
        <dependency>org.apache.velocity</dependency>
    </dependencies>
</component>